<?xml version="1.0" encoding="UTF-8"?>
<testsuite name="ru.user.backend.common.models.UserModelTest" tests="1" skipped="0" failures="0" errors="0" timestamp="2020-10-02T09:34:32" hostname="LAPTOP-PE98FLO4" time="0.015">
  <properties/>
  <testcase name="userTests" classname="ru.user.backend.common.models.UserModelTest" time="0.015"/>
  <system-out><![CDATA[]]></system-out>
  <system-err><![CDATA[]]></system-err>
</testsuite>
